<result>
  <mzFeeId>6779638</mzFeeId>
  <mzBillId>8616564</mzBillId>
  <time>2017-04-09 08:24:58</time>
  <recipeCount>1</recipeCount>
  <mzCategory>普通</mzCategory>
  <specificCategory/>
  <diagnosis/>
  <diagnosisDetail/>
  <doctorTelephone/>
  <accountAmout>0</accountAmout>
  <medicardAmount>0</medicardAmount>
  <doctorCode>1178</doctorCode>
  <doctorName>许赤多</doctorName>
  <deptCode>310</deptCode>
  <deptName>风湿免疫科</deptName>
  <payType>自费</payType>
  <payAmout>13512</payAmout>
  <medicareAmout>0</medicareAmout>
  <totalAmout>45039</totalAmout>
  <SSBillNo>DJH9853838</SSBillNo>
  <SSFeeNo>JY47996573</SSFeeNo>
  <canUseInsurance>0</canUseInsurance>
  <insuranceAmout>0</insuranceAmout>
  <cancelSerialNo>JY47996573</cancelSerialNo>
  <cancelBillNo>ZFDJH9853838</cancelBillNo>
  <recipeType>0</recipeType>
  <recipeId>0</recipeId>
  <mzFeeId>6780774</mzFeeId>
  <mzBillId>8616827</mzBillId>
  <time>2017-04-09 10:10:07</time>
  <recipeCount>1</recipeCount>
  <mzCategory>普通</mzCategory>
  <specificCategory/>
  <diagnosis/>
  <diagnosisDetail/>
  <doctorTelephone/>
  <accountAmout>0</accountAmout>
  <medicardAmount>0</medicardAmount>
  <doctorCode>1178</doctorCode>
  <doctorName>许赤多</doctorName>
  <deptCode>310</deptCode>
  <deptName>风湿免疫科</deptName>
  <payType>医保</payType>
  <payAmout>13512</payAmout>
  <medicareAmout>0</medicareAmout>
  <totalAmout>45039</totalAmout>
  <SSBillNo>DJH9853838</SSBillNo>
  <SSFeeNo>JY47623287</SSFeeNo>
  <canUseInsurance>1</canUseInsurance>
  <insuranceAmout>0</insuranceAmout>
  <cancelSerialNo>JY47623287</cancelSerialNo>
  <cancelBillNo>ZFDJH9853838</cancelBillNo>
  <recipeType>0</recipeType>
